2016-05-26T09:12:44.612Z - info: [sitespeed] OS: 'darwin 15.5.0', Node.js: 'v6.1.0', sitespeed.io: '3.11.5', PhantomJS: '2.1.1', java: '1.8.0_60', browsertime: '0.12.2'
2016-05-26T09:12:44.615Z - info: [sitespeed] Analyze 4 sites
2016-05-26T09:12:44.648Z - info: [sitespeed] Will analyze 5 pages
2016-05-26T09:12:44.650Z - info: [sitespeed] Running YSlow for http://www.letemps.ch/monde/2016/05/26/scandale-mails-embarrasse-toujours-plus-hillary-clinton [phantomjs]
2016-05-26T09:12:44.654Z - info: [sitespeed] Running YSlow for http://labs.letemps.ch/interactive/2016/tchernobyl-30-ans/ [phantomjs]
2016-05-26T09:12:44.657Z - info: [sitespeed] Running YSlow for http://www.letemps.ch/monde [phantomjs]
2016-05-26T09:12:44.659Z - info: [sitespeed] Running YSlow for http://www.letemps.ch/ [phantomjs]
2016-05-26T09:12:44.663Z - info: [sitespeed] Running YSlow for http://boutique.letemps.ch/index.php?dispatch=shop_matrix.show [phantomjs]
2016-05-26T09:14:40.480Z - info: [sitespeed] Done analyzing urls
2016-05-26T09:14:41.019Z - info: [sitespeed] Wrote file errors.html
2016-05-26T09:14:41.019Z - info: [sitespeed] Wrote file rules.html
2016-05-26T09:14:41.020Z - info: [sitespeed] Wrote file hotlist.html
2016-05-26T09:14:41.020Z - info: [sitespeed] Wrote file assets.html
2016-05-26T09:14:41.020Z - info: [sitespeed] Wrote file pages.html
2016-05-26T09:14:41.020Z - info: [sitespeed] Wrote file boutique_letemps_ch-index.phpa282c.html
2016-05-26T09:14:41.020Z - info: [sitespeed] Wrote file index.html
2016-05-26T09:14:41.020Z - info: [sitespeed] Wrote file detailed-site-summary.html
2016-05-26T09:14:41.021Z - info: [sitespeed] Wrote file labs_letemps_ch-interactive-2016-tchernobyl-30-ans-.html
2016-05-26T09:14:41.021Z - info: [sitespeed] Wrote file www_letemps_ch-monde.html
2016-05-26T09:14:41.021Z - info: [sitespeed] Wrote file www_letemps_ch.html
2016-05-26T09:14:41.021Z - info: [sitespeed] Wrote file www_letemps_ch-monde-2016-05-26-scandale-mails-embarrasse-toujours-plus-hillary-clinton.html
2016-05-26T09:14:41.040Z - info: [sitespeed] Wrote results to /Users/yanngouffon/Sites/Antistatique/performance-metrics/sitespeed-result/sites/2016-05-26-11-12-44/www.letemps.ch
2016-05-26T09:14:41.044Z - info: [sitespeed] The analyze took 2 minutes (116 seconds)
2016-05-26T09:14:41.045Z - info: [sitespeed] Finished with site http://www.letemps.ch/monde/2016/05/26/scandale-mails-embarrasse-toujours-plus-hillary-clinton,http://labs.letemps.ch/interactive/2016/tchernobyl-30-ans/,http://www.letemps.ch/monde,http://www.letemps.ch/,http://boutique.letemps.ch/index.php?dispatch=shop_matrix.show
2016-05-26T09:14:41.047Z - info: [sitespeed] Will analyze 5 pages
2016-05-26T09:14:41.048Z - info: [sitespeed] Running YSlow for http://www.nytimes.com/2016/05/26/us/politics/state-department-hillary-clinton-emails.html [phantomjs]
2016-05-26T09:14:41.054Z - info: [sitespeed] Running YSlow for http://www.nytimes.com/2016/05/29/magazine/kamala-harris-a-top-cop-in-the-era-of-black-lives-matter.html?rref=collection%2Fsectioncollection%2Fmagazine&action=click&contentCollection=magazine&region=rank&module=package&version=highlights&contentPlacement=1&pgtype=sectionfront [phantomjs]
2016-05-26T09:14:41.060Z - info: [sitespeed] Running YSlow for http://www.nytimes.com/pages/world/index.html [phantomjs]
2016-05-26T09:14:41.066Z - info: [sitespeed] Running YSlow for http://www.nytimes.com/ [phantomjs]
2016-05-26T09:14:41.070Z - info: [sitespeed] Running YSlow for http://international.nytimes.com/subscriptions/inyt/lp87JWF.html [phantomjs]
2016-05-26T09:15:47.900Z - error: [sitespeed] Error running yslow for url 'http://www.nytimes.com/pages/world/index.html': { Error: Command failed: /usr/local/lib/node_modules/sitespeed.io/node_modules/phantomjs-prebuilt/lib/phantom/bin/phantomjs --ssl-protocol=any --ignore-ssl-errors=yes /usr/local/lib/node_modules/sitespeed.io/lib/headless/scripts/yslow-3.1.8-sitespeed.js -d -r sitespeed.io-desktop --ua Mozilla/5.0 (Macintosh; Intel Mac OS X 10_9_4) AppleWebKit/537.36 (KHTML, like Gecko) Chrome/37.0.2062.120 Safari/537.36 --file /Users/yanngouffon/Sites/Antistatique/performance-metrics/sitespeed-result/sites/2016-05-26-11-12-44/www.nytimes.com/data/yslow/www_nytimes_com-pages-world-index.html-yslow.json -vp 1280x800 --waitScript  if (window.performance && window.performance.timing){ return ((window.performance.timing.loadEventEnd > 0) && ((new Date).getTime() - window.performance.timing.loadEventEnd > 2000 ));} else { return true;} http://www.nytimes.com/pages/world/index.html

    at ChildProcess.exithandler (child_process.js:202:12)
    at emitTwo (events.js:106:13)
    at ChildProcess.emit (events.js:191:7)
    at maybeClose (internal/child_process.js:850:16)
    at Socket.<anonymous> (internal/child_process.js:323:11)
    at emitOne (events.js:96:13)
    at Socket.emit (events.js:188:7)
    at Pipe._handle.close [as _onclose] (net.js:492:12)
  killed: false,
  code: 1,
  signal: null,
  cmd: '/usr/local/lib/node_modules/sitespeed.io/node_modules/phantomjs-prebuilt/lib/phantom/bin/phantomjs --ssl-protocol=any --ignore-ssl-errors=yes /usr/local/lib/node_modules/sitespeed.io/lib/headless/scripts/yslow-3.1.8-sitespeed.js -d -r sitespeed.io-desktop --ua Mozilla/5.0 (Macintosh; Intel Mac OS X 10_9_4) AppleWebKit/537.36 (KHTML, like Gecko) Chrome/37.0.2062.120 Safari/537.36 --file /Users/yanngouffon/Sites/Antistatique/performance-metrics/sitespeed-result/sites/2016-05-26-11-12-44/www.nytimes.com/data/yslow/www_nytimes_com-pages-world-index.html-yslow.json -vp 1280x800 --waitScript  if (window.performance && window.performance.timing){ return ((window.performance.timing.loadEventEnd > 0) && ((new Date).getTime() - window.performance.timing.loadEventEnd > 2000 ));} else { return true;} http://www.nytimes.com/pages/world/index.html' }
2016-05-26T09:18:41.116Z - error: [sitespeed] Error running yslow for url 'http://www.nytimes.com/2016/05/26/us/politics/state-department-hillary-clinton-emails.html': { Error: Command failed: /usr/local/lib/node_modules/sitespeed.io/node_modules/phantomjs-prebuilt/lib/phantom/bin/phantomjs --ssl-protocol=any --ignore-ssl-errors=yes /usr/local/lib/node_modules/sitespeed.io/lib/headless/scripts/yslow-3.1.8-sitespeed.js -d -r sitespeed.io-desktop --ua Mozilla/5.0 (Macintosh; Intel Mac OS X 10_9_4) AppleWebKit/537.36 (KHTML, like Gecko) Chrome/37.0.2062.120 Safari/537.36 --file /Users/yanngouffon/Sites/Antistatique/performance-metrics/sitespeed-result/sites/2016-05-26-11-12-44/www.nytimes.com/data/yslow/www_nytimes_com-2016-05-26-us-politics-state-department-hillary-clinton-emails.html-yslow.json -vp 1280x800 --waitScript  if (window.performance && window.performance.timing){ return ((window.performance.timing.loadEventEnd > 0) && ((new Date).getTime() - window.performance.timing.loadEventEnd > 2000 ));} else { return true;} http://www.nytimes.com/2016/05/26/us/politics/state-department-hillary-clinton-emails.html

    at ChildProcess.exithandler (child_process.js:202:12)
    at emitTwo (events.js:106:13)
    at ChildProcess.emit (events.js:191:7)
    at maybeClose (internal/child_process.js:850:16)
    at Process.ChildProcess._handle.onexit (internal/child_process.js:215:5)
  killed: true,
  code: null,
  signal: 'SIGTERM',
  cmd: '/usr/local/lib/node_modules/sitespeed.io/node_modules/phantomjs-prebuilt/lib/phantom/bin/phantomjs --ssl-protocol=any --ignore-ssl-errors=yes /usr/local/lib/node_modules/sitespeed.io/lib/headless/scripts/yslow-3.1.8-sitespeed.js -d -r sitespeed.io-desktop --ua Mozilla/5.0 (Macintosh; Intel Mac OS X 10_9_4) AppleWebKit/537.36 (KHTML, like Gecko) Chrome/37.0.2062.120 Safari/537.36 --file /Users/yanngouffon/Sites/Antistatique/performance-metrics/sitespeed-result/sites/2016-05-26-11-12-44/www.nytimes.com/data/yslow/www_nytimes_com-2016-05-26-us-politics-state-department-hillary-clinton-emails.html-yslow.json -vp 1280x800 --waitScript  if (window.performance && window.performance.timing){ return ((window.performance.timing.loadEventEnd > 0) && ((new Date).getTime() - window.performance.timing.loadEventEnd > 2000 ));} else { return true;} http://www.nytimes.com/2016/05/26/us/politics/state-department-hillary-clinton-emails.html' }
2016-05-26T09:18:42.128Z - info: [sitespeed] Done analyzing urls
2016-05-26T09:18:42.551Z - info: [sitespeed] Wrote file pages.html
2016-05-26T09:18:42.551Z - info: [sitespeed] Wrote file errors.html
2016-05-26T09:18:42.551Z - info: [sitespeed] Wrote file assets.html
2016-05-26T09:18:42.551Z - info: [sitespeed] Wrote file index.html
2016-05-26T09:18:42.551Z - info: [sitespeed] Wrote file rules.html
2016-05-26T09:18:42.552Z - info: [sitespeed] Wrote file hotlist.html
2016-05-26T09:18:42.552Z - info: [sitespeed] Wrote file detailed-site-summary.html
2016-05-26T09:18:42.552Z - info: [sitespeed] Wrote file www_nytimes_com.html
2016-05-26T09:18:42.553Z - info: [sitespeed] Wrote file international_nytimes_com-subscriptions-inyt-lp87JWF.html.html
2016-05-26T09:18:42.553Z - info: [sitespeed] Wrote file www_nytimes_com-2016-05-29-magazine-kamala-harris-a-top-cop-in-the-era-of-black-lives-matter.htmla3cf9.html
2016-05-26T09:18:42.576Z - info: [sitespeed] Wrote results to /Users/yanngouffon/Sites/Antistatique/performance-metrics/sitespeed-result/sites/2016-05-26-11-12-44/www.nytimes.com
2016-05-26T09:18:42.579Z - info: [sitespeed] The analyze took 4 minutes (241 seconds)
2016-05-26T09:18:42.579Z - info: [sitespeed] Finished with site http://www.nytimes.com/2016/05/26/us/politics/state-department-hillary-clinton-emails.html,http://www.nytimes.com/2016/05/29/magazine/kamala-harris-a-top-cop-in-the-era-of-black-lives-matter.html?rref=collection%2Fsectioncollection%2Fmagazine&action=click&contentCollection=magazine&region=rank&module=package&version=highlights&contentPlacement=1&pgtype=sectionfront,http://www.nytimes.com/pages/world/index.html,http://www.nytimes.com/,http://international.nytimes.com/subscriptions/inyt/lp87JWF.html
2016-05-26T09:18:42.585Z - info: [sitespeed] Will analyze 5 pages
2016-05-26T09:18:42.587Z - info: [sitespeed] Running YSlow for http://www.theguardian.com/us-news/2016/may/25/hillary-clinton-private-email-state-department-guidelines [phantomjs]
2016-05-26T09:18:42.597Z - info: [sitespeed] Running YSlow for http://www.theguardian.com/world/2016/may/26/ada-colau-barcelona-most-radical-mayor-in-the-world [phantomjs]
2016-05-26T09:18:42.600Z - info: [sitespeed] Running YSlow for http://www.theguardian.com/world [phantomjs]
2016-05-26T09:18:42.603Z - info: [sitespeed] Running YSlow for http://www.theguardian.com/ [phantomjs]
2016-05-26T09:18:42.606Z - info: [sitespeed] Running YSlow for https://subscribe.theguardian.com/ [phantomjs]
2016-05-26T09:19:30.944Z - info: [sitespeed] Done analyzing urls
2016-05-26T09:19:31.410Z - info: [sitespeed] Wrote file assets.html
2016-05-26T09:19:31.410Z - info: [sitespeed] Wrote file errors.html
2016-05-26T09:19:31.410Z - info: [sitespeed] Wrote file index.html
2016-05-26T09:19:31.411Z - info: [sitespeed] Wrote file s-subscribe_theguardian_com.html
2016-05-26T09:19:31.412Z - info: [sitespeed] Wrote file rules.html
2016-05-26T09:19:31.412Z - info: [sitespeed] Wrote file hotlist.html
2016-05-26T09:19:31.412Z - info: [sitespeed] Wrote file detailed-site-summary.html
2016-05-26T09:19:31.416Z - info: [sitespeed] Wrote file pages.html
2016-05-26T09:19:31.416Z - info: [sitespeed] Wrote file www_theguardian_com-us-news-2016-may-25-hillary-clinton-private-email-state-department-guidelines.html
2016-05-26T09:19:31.416Z - info: [sitespeed] Wrote file www_theguardian_com-world-2016-may-26-ada-colau-barcelona-most-radical-mayor-in-the-world.html
2016-05-26T09:19:31.416Z - info: [sitespeed] Wrote file www_theguardian_com-world.html
2016-05-26T09:19:31.416Z - info: [sitespeed] Wrote file www_theguardian_com.html
2016-05-26T09:19:31.433Z - info: [sitespeed] Wrote results to /Users/yanngouffon/Sites/Antistatique/performance-metrics/sitespeed-result/sites/2016-05-26-11-12-44/www.theguardian.com
2016-05-26T09:19:31.435Z - info: [sitespeed] The analyze took a minute (48 seconds)
2016-05-26T09:19:31.435Z - info: [sitespeed] Finished with site http://www.theguardian.com/us-news/2016/may/25/hillary-clinton-private-email-state-department-guidelines,http://www.theguardian.com/world/2016/may/26/ada-colau-barcelona-most-radical-mayor-in-the-world,http://www.theguardian.com/world,http://www.theguardian.com/,https://subscribe.theguardian.com/
2016-05-26T09:19:31.439Z - info: [sitespeed] Will analyze 5 pages
2016-05-26T09:19:31.440Z - info: [sitespeed] Running YSlow for http://www.lemonde.fr/elections-americaines/article/2016/05/26/presidentielle-americaine-j-165-hillary-clinton-rattrapee-par-ses-courriels_4926609_829254.html?xtmc=hillary_clinton&xtcr=1 [phantomjs]
2016-05-26T09:19:31.447Z - info: [sitespeed] Running YSlow for http://www.lemonde.fr/festival-de-cannes/article/2016/05/23/palmares-decevant-pour-selection-abrasive_4924275_766360.html [phantomjs]
2016-05-26T09:19:31.449Z - info: [sitespeed] Running YSlow for http://www.lemonde.fr/international/ [phantomjs]
2016-05-26T09:19:31.453Z - info: [sitespeed] Running YSlow for http://www.lemonde.fr/ [phantomjs]
2016-05-26T09:19:31.456Z - info: [sitespeed] Running YSlow for http://www.lemonde.fr/abo/ [phantomjs]
2016-05-26T09:21:41.832Z - info: [sitespeed] Done analyzing urls
2016-05-26T09:21:42.304Z - info: [sitespeed] Wrote file assets.html
2016-05-26T09:21:42.304Z - info: [sitespeed] Wrote file hotlist.html
2016-05-26T09:21:42.305Z - info: [sitespeed] Wrote file pages.html
2016-05-26T09:21:42.305Z - info: [sitespeed] Wrote file rules.html
2016-05-26T09:21:42.305Z - info: [sitespeed] Wrote file errors.html
2016-05-26T09:21:42.305Z - info: [sitespeed] Wrote file index.html
2016-05-26T09:21:42.306Z - info: [sitespeed] Wrote file detailed-site-summary.html
2016-05-26T09:21:42.306Z - info: [sitespeed] Wrote file www_lemonde_fr-elections-americaines-article-2016-05-26-presidentielle-americaine-j-165-hillary-clinton-rattrapee-par-ses-courriels_4926609_829254.htmlbb347.html
2016-05-26T09:21:42.307Z - info: [sitespeed] Wrote file www_lemonde_fr-festival-de-cannes-article-2016-05-23-palmares-decevant-pour-selection-abrasive_4924275_766360.html.html
2016-05-26T09:21:42.307Z - info: [sitespeed] Wrote file www_lemonde_fr.html
2016-05-26T09:21:42.307Z - info: [sitespeed] Wrote file www_lemonde_fr-abo-.html
2016-05-26T09:21:42.308Z - info: [sitespeed] Wrote file www_lemonde_fr-international-.html
2016-05-26T09:21:42.331Z - info: [sitespeed] Wrote results to /Users/yanngouffon/Sites/Antistatique/performance-metrics/sitespeed-result/sites/2016-05-26-11-12-44/www.lemonde.fr
2016-05-26T09:21:42.336Z - info: [sitespeed] The analyze took 2 minutes (130 seconds)
2016-05-26T09:21:42.336Z - info: [sitespeed] Finished with site http://www.lemonde.fr/elections-americaines/article/2016/05/26/presidentielle-americaine-j-165-hillary-clinton-rattrapee-par-ses-courriels_4926609_829254.html?xtmc=hillary_clinton&xtcr=1,http://www.lemonde.fr/festival-de-cannes/article/2016/05/23/palmares-decevant-pour-selection-abrasive_4924275_766360.html,http://www.lemonde.fr/international/,http://www.lemonde.fr/,http://www.lemonde.fr/abo/
2016-05-26T09:21:42.338Z - info: [sitespeed] The full site analyze took 9 minutes (538 seconds)
2016-05-26T09:21:42.365Z - info: [sitespeed] Wrote file sites.html
2016-05-26T09:21:42.375Z - info: [sitespeed] Wrote sites result to /Users/yanngouffon/Sites/Antistatique/performance-metrics/sitespeed-result/sites/2016-05-26-11-12-44/www.lemonde.fr
