2015-07-06T11:39:46.781Z - info: [sitespeed] OS: 'darwin 14.4.0', Node.js: 'v0.12.4', sitespeed.io: '3.5.0', PhantomJS: '1.9.8', java: '1.8.0_31', browsertime: '0.9.4'
2015-07-06T11:39:46.785Z - info: [sitespeed] Analyze 2 sites
2015-07-06T11:39:46.830Z - info: [sitespeed] Will analyze 3 pages
2015-07-06T11:39:46.832Z - info: [sitespeed] Running YSlow for http://staging.diams.com/ [phantomjs]
2015-07-06T11:39:46.835Z - info: [sitespeed] Running YSlow for http://staging.diams.com/ch_fr/diamant.html [phantomjs]
2015-07-06T11:39:46.837Z - info: [sitespeed] Running YSlow for http://staging.diams.com/ch_fr/solitaire-diamant-0-50ct-blanche-neige.html [phantomjs]
2015-07-06T11:40:05.126Z - info: [sitespeed] Done analyzing urls
2015-07-06T11:40:05.501Z - info: [sitespeed] Wrote file errors.html
2015-07-06T11:40:05.502Z - info: [sitespeed] Wrote file assets.html
2015-07-06T11:40:05.502Z - info: [sitespeed] Wrote file pages.html
2015-07-06T11:40:05.502Z - info: [sitespeed] Wrote file hotlist.html
2015-07-06T11:40:05.502Z - info: [sitespeed] Wrote file detailed-site-summary.html
2015-07-06T11:40:05.502Z - info: [sitespeed] Wrote file staging.diams.com-ch_fr-solitaire-diamant-0-50ct-blanche-neige.html.html
2015-07-06T11:40:05.502Z - info: [sitespeed] Wrote file rules.html
2015-07-06T11:40:05.502Z - info: [sitespeed] Wrote file index.html
2015-07-06T11:40:05.503Z - info: [sitespeed] Wrote file staging.diams.com-ch_fr-diamant.html.html
2015-07-06T11:40:05.503Z - info: [sitespeed] Wrote file staging.diams.com.html
2015-07-06T11:40:05.519Z - info: [sitespeed] Wrote results to /Users/Yago/Sites/Antistatique/performance-metrics/sitespeed-result/sites/2015-07-06-13-39-45/staging.diams.com
2015-07-06T11:40:05.523Z - info: [sitespeed] The analyze took a few seconds (18 seconds)
2015-07-06T11:40:05.523Z - info: [sitespeed] Finished with site http://staging.diams.com/,http://staging.diams.com/ch_fr/diamant.html,http://staging.diams.com/ch_fr/solitaire-diamant-0-50ct-blanche-neige.html
2015-07-06T11:40:05.526Z - info: [sitespeed] Will analyze 3 pages
2015-07-06T11:40:05.527Z - info: [sitespeed] Running YSlow for http://www.diams.com/ [phantomjs]
2015-07-06T11:40:05.531Z - info: [sitespeed] Running YSlow for http://www.diams.com/ch_fr/diamant.html [phantomjs]
2015-07-06T11:40:05.533Z - info: [sitespeed] Running YSlow for http://www.diams.com/ch_fr/solitaire-diamant-0-50ct-blanche-neige.html [phantomjs]
2015-07-06T11:40:22.095Z - info: [sitespeed] Done analyzing urls
2015-07-06T11:40:22.325Z - info: [sitespeed] Wrote file assets.html
2015-07-06T11:40:22.325Z - info: [sitespeed] Wrote file errors.html
2015-07-06T11:40:22.325Z - info: [sitespeed] Wrote file hotlist.html
2015-07-06T11:40:22.325Z - info: [sitespeed] Wrote file index.html
2015-07-06T11:40:22.325Z - info: [sitespeed] Wrote file pages.html
2015-07-06T11:40:22.325Z - info: [sitespeed] Wrote file www.diams.com-ch_fr-diamant.html.html
2015-07-06T11:40:22.326Z - info: [sitespeed] Wrote file detailed-site-summary.html
2015-07-06T11:40:22.326Z - info: [sitespeed] Wrote file rules.html
2015-07-06T11:40:22.327Z - info: [sitespeed] Wrote file www.diams.com-ch_fr-solitaire-diamant-0-50ct-blanche-neige.html.html
2015-07-06T11:40:22.327Z - info: [sitespeed] Wrote file www.diams.com.html
2015-07-06T11:40:22.336Z - info: [sitespeed] Wrote results to /Users/Yago/Sites/Antistatique/performance-metrics/sitespeed-result/sites/2015-07-06-13-39-45/www.diams.com
2015-07-06T11:40:22.338Z - info: [sitespeed] The analyze took a few seconds (16 seconds)
2015-07-06T11:40:22.338Z - info: [sitespeed] Finished with site http://www.diams.com/,http://www.diams.com/ch_fr/diamant.html,http://www.diams.com/ch_fr/solitaire-diamant-0-50ct-blanche-neige.html
2015-07-06T11:40:22.339Z - info: [sitespeed] The full site analyze took a few seconds (37 seconds)
2015-07-06T11:40:22.359Z - info: [sitespeed] Wrote file sites.html
2015-07-06T11:40:22.372Z - info: [sitespeed] Wrote sites result to /Users/Yago/Sites/Antistatique/performance-metrics/sitespeed-result/sites/2015-07-06-13-39-45/www.diams.com
